0 info it worked if it ends with ok
1 verbose cli [ '/home/action/.nvm/v0.10.11/bin/node',
1 verbose cli   '/home/action/.nvm/v0.10.11/bin/npm',
1 verbose cli   'install' ]
2 info using npm@1.2.30
3 info using node@v0.10.11
4 verbose read json /home/action/workspace/morning5/package.json
5 error install Couldn't read dependencies
6 error Error: ENOENT, open '/home/action/workspace/morning5/package.json'
7 error If you need help, you may report this log at:
7 error     <http://github.com/isaacs/npm/issues>
7 error or email it to:
7 error     <npm-@googlegroups.com>
8 error System Linux 3.13.4
9 error command "/home/action/.nvm/v0.10.11/bin/node" "/home/action/.nvm/v0.10.11/bin/npm" "install"
10 error cwd /home/action/workspace/morning5
11 error node -v v0.10.11
12 error npm -v 1.2.30
13 error path /home/action/workspace/morning5/package.json
14 error code ENOENT
15 error errno 34
16 verbose exit [ 34, true ]
